2017-02-25 14:30:03,885 [ERROR] from play.api.libs.crypto.CryptoConfigParser in main - The application secret has not been set, and we are in prod mode. Your application is not secure.
2017-02-25 14:30:03,886 [ERROR] from play.api.libs.crypto.CryptoConfigParser in main - To set the application secret, please read http://playframework.com/documentation/latest/ApplicationSecret
2017-02-25 14:30:03,905 [ERROR] from play.api.libs.crypto.CryptoConfigParser in main - The application secret has not been set, and we are in prod mode. Your application is not secure.
2017-02-25 14:30:03,905 [ERROR] from play.api.libs.crypto.CryptoConfigParser in main - To set the application secret, please read http://playframework.com/documentation/latest/ApplicationSecret
2017-02-25 14:30:03,906 [ERROR] from play.api.libs.crypto.CryptoConfigParser in main - The application secret has not been set, and we are in prod mode. Your application is not secure.
2017-02-25 14:30:03,907 [ERROR] from play.api.libs.crypto.CryptoConfigParser in main - To set the application secret, please read http://playframework.com/documentation/latest/ApplicationSecret
2017-02-25 14:30:03,944 [INFO] from application in main - ApplicationTimer demo: Starting application at 2017-02-25T22:30:03.908Z.
2017-02-25 14:30:03,945 [ERROR] from play.api.libs.crypto.CryptoConfigParser in main - The application secret has not been set, and we are in prod mode. Your application is not secure.
2017-02-25 14:30:03,945 [ERROR] from play.api.libs.crypto.CryptoConfigParser in main - To set the application secret, please read http://playframework.com/documentation/latest/ApplicationSecret
2017-02-25 14:30:03,946 [ERROR] from play.api.libs.crypto.CryptoConfigParser in main - The application secret has not been set, and we are in prod mode. Your application is not secure.
2017-02-25 14:30:03,946 [ERROR] from play.api.libs.crypto.CryptoConfigParser in main - To set the application secret, please read http://playframework.com/documentation/latest/ApplicationSecret
2017-02-25 14:30:03,946 [ERROR] from play.api.libs.crypto.CryptoConfigParser in main - The application secret has not been set, and we are in prod mode. Your application is not secure.
2017-02-25 14:30:03,946 [ERROR] from play.api.libs.crypto.CryptoConfigParser in main - To set the application secret, please read http://playframework.com/documentation/latest/ApplicationSecret
2017-02-25 16:32:35,617 [ERROR] from play.api.libs.crypto.CryptoConfigParser in main - The application secret has not been set, and we are in prod mode. Your application is not secure.
2017-02-25 16:32:35,617 [ERROR] from play.api.libs.crypto.CryptoConfigParser in main - To set the application secret, please read http://playframework.com/documentation/latest/ApplicationSecret
2017-02-25 16:32:35,622 [ERROR] from play.api.libs.crypto.CryptoConfigParser in main - The application secret has not been set, and we are in prod mode. Your application is not secure.
2017-02-25 16:32:35,622 [ERROR] from play.api.libs.crypto.CryptoConfigParser in main - To set the application secret, please read http://playframework.com/documentation/latest/ApplicationSecret
2017-02-25 16:32:35,623 [ERROR] from play.api.libs.crypto.CryptoConfigParser in main - The application secret has not been set, and we are in prod mode. Your application is not secure.
2017-02-25 16:32:35,623 [ERROR] from play.api.libs.crypto.CryptoConfigParser in main - To set the application secret, please read http://playframework.com/documentation/latest/ApplicationSecret
2017-02-25 16:32:35,636 [INFO] from application in main - ApplicationTimer demo: Starting application at 2017-02-26T00:32:35.625Z.
2017-02-25 16:32:35,636 [ERROR] from play.api.libs.crypto.CryptoConfigParser in main - The application secret has not been set, and we are in prod mode. Your application is not secure.
2017-02-25 16:32:35,636 [ERROR] from play.api.libs.crypto.CryptoConfigParser in main - To set the application secret, please read http://playframework.com/documentation/latest/ApplicationSecret
2017-02-25 16:32:35,637 [ERROR] from play.api.libs.crypto.CryptoConfigParser in main - The application secret has not been set, and we are in prod mode. Your application is not secure.
2017-02-25 16:32:35,637 [ERROR] from play.api.libs.crypto.CryptoConfigParser in main - To set the application secret, please read http://playframework.com/documentation/latest/ApplicationSecret
2017-02-25 16:32:35,637 [ERROR] from play.api.libs.crypto.CryptoConfigParser in main - The application secret has not been set, and we are in prod mode. Your application is not secure.
2017-02-25 16:32:35,637 [ERROR] from play.api.libs.crypto.CryptoConfigParser in main - To set the application secret, please read http://playframework.com/documentation/latest/ApplicationSecret
2017-02-25 16:35:29,247 [ERROR] from play.api.libs.crypto.CryptoConfigParser in main - The application secret has not been set, and we are in prod mode. Your application is not secure.
2017-02-25 16:35:29,247 [ERROR] from play.api.libs.crypto.CryptoConfigParser in main - To set the application secret, please read http://playframework.com/documentation/latest/ApplicationSecret
2017-02-25 16:35:29,251 [ERROR] from play.api.libs.crypto.CryptoConfigParser in main - The application secret has not been set, and we are in prod mode. Your application is not secure.
2017-02-25 16:35:29,251 [ERROR] from play.api.libs.crypto.CryptoConfigParser in main - To set the application secret, please read http://playframework.com/documentation/latest/ApplicationSecret
2017-02-25 16:35:29,251 [ERROR] from play.api.libs.crypto.CryptoConfigParser in main - The application secret has not been set, and we are in prod mode. Your application is not secure.
2017-02-25 16:35:29,252 [ERROR] from play.api.libs.crypto.CryptoConfigParser in main - To set the application secret, please read http://playframework.com/documentation/latest/ApplicationSecret
2017-02-25 16:35:29,263 [INFO] from application in main - ApplicationTimer demo: Starting application at 2017-02-26T00:35:29.253Z.
2017-02-25 16:35:29,263 [ERROR] from play.api.libs.crypto.CryptoConfigParser in main - The application secret has not been set, and we are in prod mode. Your application is not secure.
2017-02-25 16:35:29,263 [ERROR] from play.api.libs.crypto.CryptoConfigParser in main - To set the application secret, please read http://playframework.com/documentation/latest/ApplicationSecret
2017-02-25 16:35:29,264 [ERROR] from play.api.libs.crypto.CryptoConfigParser in main - The application secret has not been set, and we are in prod mode. Your application is not secure.
2017-02-25 16:35:29,264 [ERROR] from play.api.libs.crypto.CryptoConfigParser in main - To set the application secret, please read http://playframework.com/documentation/latest/ApplicationSecret
2017-02-25 16:35:29,264 [ERROR] from play.api.libs.crypto.CryptoConfigParser in main - The application secret has not been set, and we are in prod mode. Your application is not secure.
2017-02-25 16:35:29,264 [ERROR] from play.api.libs.crypto.CryptoConfigParser in main - To set the application secret, please read http://playframework.com/documentation/latest/ApplicationSecret
2017-02-25 16:38:25,977 [INFO] from application in main - ApplicationTimer demo: Starting application at 2017-02-26T00:38:25.967Z.
2017-02-25 16:38:25,982 [INFO] from play.api.Play in main - Application started (Prod)
2017-02-25 16:38:26,101 [INFO] from play.core.server.NettyServer in main - Listening for HTTP on /0:0:0:0:0:0:0:0:9000
2017-02-25 16:39:21,464 [INFO] from application in Thread-7 - ApplicationTimer demo: Stopping application at 2017-02-26T00:39:21.464Z after 56s.
2017-02-25 16:40:08,642 [INFO] from application in main - ApplicationTimer demo: Starting application at 2017-02-26T00:40:08.632Z.
2017-02-25 16:40:08,648 [INFO] from play.api.Play in main - Application started (Prod)
2017-02-25 16:40:08,777 [INFO] from play.core.server.NettyServer in main - Listening for HTTP on /0:0:0:0:0:0:0:0:9000
2017-02-25 16:41:11,072 [INFO] from application in Thread-7 - ApplicationTimer demo: Stopping application at 2017-02-26T00:41:11.072Z after 63s.
2017-02-25 17:01:48,079 [INFO] from application in main - ApplicationTimer demo: Starting application at 2017-02-26T01:01:48.068Z.
2017-02-25 17:01:48,084 [INFO] from play.api.Play in main - Application started (Prod)
2017-02-25 17:01:48,210 [INFO] from play.core.server.NettyServer in main - Listening for HTTP on /0:0:0:0:0:0:0:0:9000
